<?xml version="1.0" encoding="UTF-8"?>
<!-- Generated by org.testng.reporters.JUnitXMLReporter -->
<testsuite ignored="0" hostname="AGRNT-WS-002" failures="0" tests="4" name="Test" time="16.777" errors="0" timestamp="2022-08-25T15:31:04 IST">
  <testcase classname="Academy.ValidateNavigationBar" name="basePageNavigation" time="0.031"/>
  <testcase classname="Academy.ValidateTitle" name="basePageNavigation" time="0.018"/>
  <testcase classname="Academy.HomePage" name="basePageNavigation" time="4.253"/>
  <testcase classname="Academy.HomePage" name="basePageNavigation" time="4.134"/>
</testsuite> <!-- Test -->
