<?xml version="1.0" encoding="UTF-8"?>
<!-- Generated by org.testng.reporters.JUnitXMLReporter -->
<testsuite ignored="0" hostname="AGRNT-WS-002" failures="1" tests="1" name="ValidateTitle" time="3.499" errors="0" timestamp="2022-08-26T18:13:30 IST">
  <testcase classname="Academy.ValidateTitle" name="basePageNavigation" time="0.022">
    <failure type="java.lang.AssertionError" message="expected [Featured courses] but found [FEATURED COURSES]">
      <![CDATA[java.lang.AssertionError: expected [Featured courses] but found [FEATURED COURSES]
at Academy.ValidateTitle.basePageNavigation(ValidateTitle.java:43)
at java.base/java.util.ArrayList.forEach(ArrayList.java:1511)
... Removed 33 stack frames]]>
    </failure>
  </testcase> <!-- basePageNavigation -->
</testsuite> <!-- ValidateTitle -->
