<?xml version="1.0" encoding="UTF-8"?>
<!-- Generated by org.testng.reporters.JUnitXMLReporter -->
<testsuite ignored="0" hostname="AGRNT-WS-002" failures="0" tests="4" name="Test" time="8.436" errors="0" timestamp="2022-08-26T11:38:42 IST">
  <testcase classname="Academy.ValidateNavigationBar" name="basePageNavigation" time="0.027"/>
  <testcase classname="Academy.ValidateTitle" name="basePageNavigation" time="0.019"/>
  <testcase classname="Academy.HomePage" name="basePageNavigation" time="0.892"/>
  <testcase classname="Academy.HomePage" name="basePageNavigation" time="0.802"/>
</testsuite> <!-- Test -->
